
> @japavel/frontend@0.0.1 build
> tsc && vite build

[1G[0K[96msrc/features/dashboard/Dashboard.tsx[0m:[93m1[0m:[93m33[0m - [91merror[0m[90m TS2307: [0mCannot find module 'react' or its corresponding type declarations.

[7m1[0m import React, { useState } from 'react';
[7m [0m [91m                                ~~~~~~~[0m

[96msrc/features/dashboard/Dashboard.tsx[0m:[93m11[0m:[93m5[0m - [91merror[0m[90m TS7026: [0mJSX element implicitly has type 'any' because no interface 'JSX.IntrinsicElements' exists.

[7m11[0m     <div className="p-6 space-y-8 bg-gray-50 min-h-screen">
[7m  [0m [91m    ~~~~~~~~~~~~~~~~~~~~~~~~~~~~~~~~~~~~~~~~~~~~~~~~~~~~~~~[0m

[96msrc/features/dashboard/Dashboard.tsx[0m:[93m11[0m:[93m5[0m - [91merror[0m[90m TS2875: [0mThis JSX tag requires the module path 'react/jsx-runtime' to exist, but none could be found. Make sure you have types for the appropriate package installed.

[7m 11[0m     <div className="p-6 space-y-8 bg-gray-50 min-h-screen">
[7m   [0m [91m    ~~~~~~~~~~~~~~~~~~~~~~~~~~~~~~~~~~~~~~~~~~~~~~~~~~~~~~~[0m
[7m 12[0m       <header className="mb-8">
[7m   [0m [91m~~~~~~~~~~~~~~~~~~~~~~~~~~~~~~~[0m
[7m...[0m 
[7m 88[0m       </section>
[7m   [0m [91m~~~~~~~~~~~~~~~~[0m
[7m 89[0m     </div>
[7m   [0m [91m~~~~~~~~~~[0m

[96msrc/features/dashboard/Dashboard.tsx[0m:[93m12[0m:[93m7[0m - [91merror[0m[90m TS7026: [0mJSX element implicitly has type 'any' because no interface 'JSX.IntrinsicElements' exists.

[7m12[0m       <header className="mb-8">
[7m  [0m [91m      ~~~~~~~~~~~~~~~~~~~~~~~~~[0m

[96msrc/features/dashboard/Dashboard.tsx[0m:[93m13[0m:[93m9[0m - [91merror[0m[90m TS7026: [0mJSX element implicitly has type 'any' because no interface 'JSX.IntrinsicElements' exists.

[7m13[0m         <h1 className="text-3xl font-bold text-gray-900">Advanced Monitoring</h1>
[7m  [0m [91m        ~~~~~~~~~~~~~~~~~~~~~~~~~~~~~~~~~~~~~~~~~~~~~~~~~[0m

[96msrc/features/dashboard/Dashboard.tsx[0m:[93m13[0m:[93m77[0m - [91merror[0m[90m TS7026: [0mJSX element implicitly has type 'any' because no interface 'JSX.IntrinsicElements' exists.

[7m13[0m         <h1 className="text-3xl font-bold text-gray-900">Advanced Monitoring</h1>
[7m  [0m [91m                                                                            ~~~~~[0m

[96msrc/features/dashboard/Dashboard.tsx[0m:[93m14[0m:[93m9[0m - [91merror[0m[90m TS7026: [0mJSX element implicitly has type 'any' because no interface 'JSX.IntrinsicElements' exists.

[7m14[0m         <p className="text-gray-500">Real-time insights for Tenant: {tenantId}</p>
[7m  [0m [91m        ~~~~~~~~~~~~~~~~~~~~~~~~~~~~~[0m

[96msrc/features/dashboard/Dashboard.tsx[0m:[93m14[0m:[93m79[0m - [91merror[0m[90m TS7026: [0mJSX element implicitly has type 'any' because no interface 'JSX.IntrinsicElements' exists.

[7m14[0m         <p className="text-gray-500">Real-time insights for Tenant: {tenantId}</p>
[7m  [0m [91m                                                                              ~~~~[0m

[96msrc/features/dashboard/Dashboard.tsx[0m:[93m15[0m:[93m7[0m - [91merror[0m[90m TS7026: [0mJSX element implicitly has type 'any' because no interface 'JSX.IntrinsicElements' exists.

[7m15[0m       </header>
[7m  [0m [91m      ~~~~~~~~~[0m

[96msrc/features/dashboard/Dashboard.tsx[0m:[93m18[0m:[93m7[0m - [91merror[0m[90m TS7026: [0mJSX element implicitly has type 'any' because no interface 'JSX.IntrinsicElements' exists.

[7m18[0m       <section>
[7m  [0m [91m      ~~~~~~~~~[0m

[96msrc/features/dashboard/Dashboard.tsx[0m:[93m19[0m:[93m9[0m - [91merror[0m[90m TS7026: [0mJSX element implicitly has type 'any' because no interface 'JSX.IntrinsicElements' exists.

[7m19[0m         <h2 className="text-xl font-semibold mb-4">Resource Usage</h2>
[7m  [0m [91m        ~~~~~~~~~~~~~~~~~~~~~~~~~~~~~~~~~~~~~~~~~~~[0m

[96msrc/features/dashboard/Dashboard.tsx[0m:[93m19[0m:[93m66[0m - [91merror[0m[90m TS7026: [0mJSX element implicitly has type 'any' because no interface 'JSX.IntrinsicElements' exists.

[7m19[0m         <h2 className="text-xl font-semibold mb-4">Resource Usage</h2>
[7m  [0m [91m                                                                 ~~~~~[0m

[96msrc/features/dashboard/Dashboard.tsx[0m:[93m20[0m:[93m9[0m - [91merror[0m[90m TS7026: [0mJSX element implicitly has type 'any' because no interface 'JSX.IntrinsicElements' exists.

[7m20[0m         <div className="grid grid-cols-1 md:grid-cols-2 lg:grid-cols-4 gap-4">
[7m  [0m [91m        ~~~~~~~~~~~~~~~~~~~~~~~~~~~~~~~~~~~~~~~~~~~~~~~~~~~~~~~~~~~~~~~~~~~~~~[0m

[96msrc/features/dashboard/Dashboard.tsx[0m:[93m22[0m:[93m13[0m - [91merror[0m[90m TS7026: [0mJSX element implicitly has type 'any' because no interface 'JSX.IntrinsicElements' exists.

[7m22[0m             <div key={item.metric} className="bg-white p-6 rounded-lg shadow-sm border border-gray-100">
[7m  [0m [91m            ~~~~~~~~~~~~~~~~~~~~~~~~~~~~~~~~~~~~~~~~~~~~~~~~~~~~~~~~~~~~~~~~~~~~~~~~~~~~~~~~~~~~~~~~~~~~[0m

[96msrc/features/dashboard/Dashboard.tsx[0m:[93m23[0m:[93m15[0m - [91merror[0m[90m TS7026: [0mJSX element implicitly has type 'any' because no interface 'JSX.IntrinsicElements' exists.

[7m23[0m               <div className="flex justify-between items-center mb-2">
[7m  [0m [91m              ~~~~~~~~~~~~~~~~~~~~~~~~~~~~~~~~~~~~~~~~~~~~~~~~~~~~~~~~[0m

[96msrc/features/dashboard/Dashboard.tsx[0m:[93m24[0m:[93m17[0m - [91merror[0m[90m TS7026: [0mJSX element implicitly has type 'any' because no interface 'JSX.IntrinsicElements' exists.

[7m24[0m                 <span className="text-sm font-medium text-gray-500 uppercase">{item.metric}</span>
[7m  [0m [91m                ~~~~~~~~~~~~~~~~~~~~~~~~~~~~~~~~~~~~~~~~~~~~~~~~~~~~~~~~~~~~~~[0m

[96msrc/features/dashboard/Dashboard.tsx[0m:[93m24[0m:[93m92[0m - [91merror[0m[90m TS7026: [0mJSX element implicitly has type 'any' because no interface 'JSX.IntrinsicElements' exists.

[7m24[0m                 <span className="text-sm font-medium text-gray-500 uppercase">{item.metric}</span>
[7m  [0m [91m                                                                                           ~~~~~~~[0m

[96msrc/features/dashboard/Dashboard.tsx[0m:[93m25[0m:[93m17[0m - [91merror[0m[90m TS7026: [0mJSX element implicitly has type 'any' because no interface 'JSX.IntrinsicElements' exists.

[7m25[0m                 <span className={`text-xs px-2 py-1 rounded-full ${item.isOverLimit ? 'bg-red-100 text-red-800' : 'bg-green-100 text-green-800'}`}>
[7m  [0m [91m                ~~~~~~~~~~~~~~~~~~~~~~~~~~~~~~~~~~~~~~~~~~~~~~~~~~~~~~~~~~~~~~~~~~~~~~~~~~~~~~~~~~~~~~~~~~~~~~~~~~~~~~~~~~~~~~~~~~~~~~~~~~~~~~~~~~~[0m

[96msrc/features/dashboard/Dashboard.tsx[0m:[93m27[0m:[93m17[0m - [91merror[0m[90m TS7026: [0mJSX element implicitly has type 'any' because no interface 'JSX.IntrinsicElements' exists.

[7m27[0m                 </span>
[7m  [0m [91m                ~~~~~~~[0m

[96msrc/features/dashboard/Dashboard.tsx[0m:[93m28[0m:[93m15[0m - [91merror[0m[90m TS7026: [0mJSX element implicitly has type 'any' because no interface 'JSX.IntrinsicElements' exists.

[7m28[0m               </div>
[7m  [0m [91m              ~~~~~~[0m

[96msrc/features/dashboard/Dashboard.tsx[0m:[93m29[0m:[93m15[0m - [91merror[0m[90m TS7026: [0mJSX element implicitly has type 'any' because no interface 'JSX.IntrinsicElements' exists.

[7m29[0m               <div className="text-3xl font-bold text-gray-900 mb-2">
[7m  [0m [91m              ~~~~~~~~~~~~~~~~~~~~~~~~~~~~~~~~~~~~~~~~~~~~~~~~~~~~~~~[0m

[96msrc/features/dashboard/Dashboard.tsx[0m:[93m30[0m:[93m32[0m - [91merror[0m[90m TS7026: [0mJSX element implicitly has type 'any' because no interface 'JSX.IntrinsicElements' exists.

[7m30[0m                 {item.current} <span className="text-xs text-gray-400 font-normal">/ {item.limit === Infinity ? '∞' : item.limit}</span>
[7m  [0m [91m                               ~~~~~~~~~~~~~~~~~~~~~~~~~~~~~~~~~~~~~~~~~~~~~~~~~~~~[0m

[96msrc/features/dashboard/Dashboard.tsx[0m:[93m30[0m:[93m130[0m - [91merror[0m[90m TS7026: [0mJSX element implicitly has type 'any' because no interface 'JSX.IntrinsicElements' exists.

[7m30[0m                 {item.current} <span className="text-xs text-gray-400 font-normal">/ {item.limit === Infinity ? '∞' : item.limit}</span>
[7m  [0m [91m                                                                                                                                 ~~~~~~~[0m

[96msrc/features/dashboard/Dashboard.tsx[0m:[93m31[0m:[93m15[0m - [91merror[0m[90m TS7026: [0mJSX element implicitly has type 'any' because no interface 'JSX.IntrinsicElements' exists.

[7m31[0m               </div>
[7m  [0m [91m              ~~~~~~[0m

[96msrc/features/dashboard/Dashboard.tsx[0m:[93m33[0m:[93m15[0m - [91merror[0m[90m TS7026: [0mJSX element implicitly has type 'any' because no interface 'JSX.IntrinsicElements' exists.

[7m33[0m               <div className="w-full bg-gray-200 rounded-full h-2.5">
[7m  [0m [91m              ~~~~~~~~~~~~~~~~~~~~~~~~~~~~~~~~~~~~~~~~~~~~~~~~~~~~~~~[0m

[96msrc/features/dashboard/Dashboard.tsx[0m:[93m34[0m:[93m17[0m - [91merror[0m[90m TS7026: [0mJSX element implicitly has type 'any' because no interface 'JSX.IntrinsicElements' exists.

[7m34[0m                 <div
[7m  [0m [91m                ~~~~[0m
[7m35[0m                   className={`h-2.5 rounded-full ${item.isNearLimit ? 'bg-yellow-400' : item.isOverLimit ? 'bg-red-600' : 'bg-blue-600'}`}
[7m  [0m [91m~~~~~~~~~~~~~~~~~~~~~~~~~~~~~~~~~~~~~~~~~~~~~~~~~~~~~~~~~~~~~~~~~~~~~~~~~~~~~~~~~~~~~~~~~~~~~~~~~~~~~~~~~~~~~~~~~~~~~~~~~~~~~~~~~~~~~~~~~~[0m
[7m36[0m                   style={{ width: `${Math.min(item.percentage, 100)}%` }}
[7m  [0m [91m~~~~~~~~~~~~~~~~~~~~~~~~~~~~~~~~~~~~~~~~~~~~~~~~~~~~~~~~~~~~~~~~~~~~~~~~~[0m
[7m37[0m                 ></div>
[7m  [0m [91m~~~~~~~~~~~~~~~~~[0m

[96msrc/features/dashboard/Dashboard.tsx[0m:[93m37[0m:[93m18[0m - [91merror[0m[90m TS7026: [0mJSX element implicitly has type 'any' because no interface 'JSX.IntrinsicElements' exists.

[7m37[0m                 ></div>
[7m  [0m [91m                 ~~~~~~[0m

[96msrc/features/dashboard/Dashboard.tsx[0m:[93m38[0m:[93m15[0m - [91merror[0m[90m TS7026: [0mJSX element implicitly has type 'any' because no interface 'JSX.IntrinsicElements' exists.

[7m38[0m               </div>
[7m  [0m [91m              ~~~~~~[0m

[96msrc/features/dashboard/Dashboard.tsx[0m:[93m39[0m:[93m13[0m - [91merror[0m[90m TS7026: [0mJSX element implicitly has type 'any' because no interface 'JSX.IntrinsicElements' exists.

[7m39[0m             </div>
[7m  [0m [91m            ~~~~~~[0m

[96msrc/features/dashboard/Dashboard.tsx[0m:[93m41[0m:[93m9[0m - [91merror[0m[90m TS7026: [0mJSX element implicitly has type 'any' because no interface 'JSX.IntrinsicElements' exists.

[7m41[0m         </div>
[7m  [0m [91m        ~~~~~~[0m

[96msrc/features/dashboard/Dashboard.tsx[0m:[93m42[0m:[93m7[0m - [91merror[0m[90m TS7026: [0mJSX element implicitly has type 'any' because no interface 'JSX.IntrinsicElements' exists.

[7m42[0m       </section>
[7m  [0m [91m      ~~~~~~~~~~[0m

[96msrc/features/dashboard/Dashboard.tsx[0m:[93m45[0m:[93m7[0m - [91merror[0m[90m TS7026: [0mJSX element implicitly has type 'any' because no interface 'JSX.IntrinsicElements' exists.

[7m45[0m       <section className="bg-white rounded-lg shadow-sm border border-gray-100 overflow-hidden">
[7m  [0m [91m      ~~~~~~~~~~~~~~~~~~~~~~~~~~~~~~~~~~~~~~~~~~~~~~~~~~~~~~~~~~~~~~~~~~~~~~~~~~~~~~~~~~~~~~~~~~[0m

[96msrc/features/dashboard/Dashboard.tsx[0m:[93m46[0m:[93m9[0m - [91merror[0m[90m TS7026: [0mJSX element implicitly has type 'any' because no interface 'JSX.IntrinsicElements' exists.

[7m46[0m         <div className="p-6 border-b border-gray-100">
[7m  [0m [91m        ~~~~~~~~~~~~~~~~~~~~~~~~~~~~~~~~~~~~~~~~~~~~~~[0m

[96msrc/features/dashboard/Dashboard.tsx[0m:[93m47[0m:[93m11[0m - [91merror[0m[90m TS7026: [0mJSX element implicitly has type 'any' because no interface 'JSX.IntrinsicElements' exists.

[7m47[0m           <h2 className="text-xl font-semibold">Recent Audit Logs</h2>
[7m  [0m [91m          ~~~~~~~~~~~~~~~~~~~~~~~~~~~~~~~~~~~~~~[0m

[96msrc/features/dashboard/Dashboard.tsx[0m:[93m47[0m:[93m66[0m - [91merror[0m[90m TS7026: [0mJSX element implicitly has type 'any' because no interface 'JSX.IntrinsicElements' exists.

[7m47[0m           <h2 className="text-xl font-semibold">Recent Audit Logs</h2>
[7m  [0m [91m                                                                 ~~~~~[0m

[96msrc/features/dashboard/Dashboard.tsx[0m:[93m48[0m:[93m9[0m - [91merror[0m[90m TS7026: [0mJSX element implicitly has type 'any' because no interface 'JSX.IntrinsicElements' exists.

[7m48[0m         </div>
[7m  [0m [91m        ~~~~~~[0m

[96msrc/features/dashboard/Dashboard.tsx[0m:[93m49[0m:[93m9[0m - [91merror[0m[90m TS7026: [0mJSX element implicitly has type 'any' because no interface 'JSX.IntrinsicElements' exists.

[7m49[0m         <div className="overflow-x-auto">
[7m  [0m [91m        ~~~~~~~~~~~~~~~~~~~~~~~~~~~~~~~~~[0m

[96msrc/features/dashboard/Dashboard.tsx[0m:[93m50[0m:[93m11[0m - [91merror[0m[90m TS7026: [0mJSX element implicitly has type 'any' because no interface 'JSX.IntrinsicElements' exists.

[7m50[0m           <table className="w-full text-sm text-left">
[7m  [0m [91m          ~~~~~~~~~~~~~~~~~~~~~~~~~~~~~~~~~~~~~~~~~~~~[0m

[96msrc/features/dashboard/Dashboard.tsx[0m:[93m51[0m:[93m13[0m - [91merror[0m[90m TS7026: [0mJSX element implicitly has type 'any' because no interface 'JSX.IntrinsicElements' exists.

[7m51[0m             <thead className="text-xs text-gray-500 uppercase bg-gray-50">
[7m  [0m [91m            ~~~~~~~~~~~~~~~~~~~~~~~~~~~~~~~~~~~~~~~~~~~~~~~~~~~~~~~~~~~~~~[0m

[96msrc/features/dashboard/Dashboard.tsx[0m:[93m52[0m:[93m15[0m - [91merror[0m[90m TS7026: [0mJSX element implicitly has type 'any' because no interface 'JSX.IntrinsicElements' exists.

[7m52[0m               <tr>
[7m  [0m [91m              ~~~~[0m

[96msrc/features/dashboard/Dashboard.tsx[0m:[93m53[0m:[93m17[0m - [91merror[0m[90m TS7026: [0mJSX element implicitly has type 'any' because no interface 'JSX.IntrinsicElements' exists.

[7m53[0m                 <th className="px-6 py-3">Timestamp</th>
[7m  [0m [91m                ~~~~~~~~~~~~~~~~~~~~~~~~~~[0m

[96msrc/features/dashboard/Dashboard.tsx[0m:[93m53[0m:[93m52[0m - [91merror[0m[90m TS7026: [0mJSX element implicitly has type 'any' because no interface 'JSX.IntrinsicElements' exists.

[7m53[0m                 <th className="px-6 py-3">Timestamp</th>
[7m  [0m [91m                                                   ~~~~~[0m

[96msrc/features/dashboard/Dashboard.tsx[0m:[93m54[0m:[93m17[0m - [91merror[0m[90m TS7026: [0mJSX element implicitly has type 'any' because no interface 'JSX.IntrinsicElements' exists.

[7m54[0m                 <th className="px-6 py-3">Action</th>
[7m  [0m [91m                ~~~~~~~~~~~~~~~~~~~~~~~~~~[0m

[96msrc/features/dashboard/Dashboard.tsx[0m:[93m54[0m:[93m49[0m - [91merror[0m[90m TS7026: [0mJSX element implicitly has type 'any' because no interface 'JSX.IntrinsicElements' exists.

[7m54[0m                 <th className="px-6 py-3">Action</th>
[7m  [0m [91m                                                ~~~~~[0m

[96msrc/features/dashboard/Dashboard.tsx[0m:[93m55[0m:[93m17[0m - [91merror[0m[90m TS7026: [0mJSX element implicitly has type 'any' because no interface 'JSX.IntrinsicElements' exists.

[7m55[0m                 <th className="px-6 py-3">Actor</th>
[7m  [0m [91m                ~~~~~~~~~~~~~~~~~~~~~~~~~~[0m

[96msrc/features/dashboard/Dashboard.tsx[0m:[93m55[0m:[93m48[0m - [91merror[0m[90m TS7026: [0mJSX element implicitly has type 'any' because no interface 'JSX.IntrinsicElements' exists.

[7m55[0m                 <th className="px-6 py-3">Actor</th>
[7m  [0m [91m                                               ~~~~~[0m

[96msrc/features/dashboard/Dashboard.tsx[0m:[93m56[0m:[93m17[0m - [91merror[0m[90m TS7026: [0mJSX element implicitly has type 'any' because no interface 'JSX.IntrinsicElements' exists.

[7m56[0m                 <th className="px-6 py-3">Severity</th>
[7m  [0m [91m                ~~~~~~~~~~~~~~~~~~~~~~~~~~[0m

[96msrc/features/dashboard/Dashboard.tsx[0m:[93m56[0m:[93m51[0m - [91merror[0m[90m TS7026: [0mJSX element implicitly has type 'any' because no interface 'JSX.IntrinsicElements' exists.

[7m56[0m                 <th className="px-6 py-3">Severity</th>
[7m  [0m [91m                                                  ~~~~~[0m

[96msrc/features/dashboard/Dashboard.tsx[0m:[93m57[0m:[93m17[0m - [91merror[0m[90m TS7026: [0mJSX element implicitly has type 'any' because no interface 'JSX.IntrinsicElements' exists.

[7m57[0m                 <th className="px-6 py-3">Outcome</th>
[7m  [0m [91m                ~~~~~~~~~~~~~~~~~~~~~~~~~~[0m

[96msrc/features/dashboard/Dashboard.tsx[0m:[93m57[0m:[93m50[0m - [91merror[0m[90m TS7026: [0mJSX element implicitly has type 'any' because no interface 'JSX.IntrinsicElements' exists.

[7m57[0m                 <th className="px-6 py-3">Outcome</th>
[7m  [0m [91m                                                 ~~~~~[0m

[96msrc/features/dashboard/Dashboard.tsx[0m:[93m58[0m:[93m15[0m - [91merror[0m[90m TS7026: [0mJSX element implicitly has type 'any' because no interface 'JSX.IntrinsicElements' exists.

[7m58[0m               </tr>
[7m  [0m [91m              ~~~~~[0m

[96msrc/features/dashboard/Dashboard.tsx[0m:[93m59[0m:[93m13[0m - [91merror[0m[90m TS7026: [0mJSX element implicitly has type 'any' because no interface 'JSX.IntrinsicElements' exists.

[7m59[0m             </thead>
[7m  [0m [91m            ~~~~~~~~[0m

[96msrc/features/dashboard/Dashboard.tsx[0m:[93m60[0m:[93m13[0m - [91merror[0m[90m TS7026: [0mJSX element implicitly has type 'any' because no interface 'JSX.IntrinsicElements' exists.

[7m60[0m             <tbody>
[7m  [0m [91m            ~~~~~~~[0m

[96msrc/features/dashboard/Dashboard.tsx[0m:[93m61[0m:[93m38[0m - [91merror[0m[90m TS7006: [0mParameter 'log' implicitly has an 'any' type.

[7m61[0m               {auditLogs?.items.map((log) => (
[7m  [0m [91m                                     ~~~[0m

[96msrc/features/dashboard/Dashboard.tsx[0m:[93m62[0m:[93m17[0m - [91merror[0m[90m TS7026: [0mJSX element implicitly has type 'any' because no interface 'JSX.IntrinsicElements' exists.

[7m62[0m                 <tr key={log.id} className="border-b last:border-0 hover:bg-gray-50">
[7m  [0m [91m                ~~~~~~~~~~~~~~~~~~~~~~~~~~~~~~~~~~~~~~~~~~~~~~~~~~~~~~~~~~~~~~~~~~~~~[0m

[96msrc/features/dashboard/Dashboard.tsx[0m:[93m63[0m:[93m19[0m - [91merror[0m[90m TS7026: [0mJSX element implicitly has type 'any' because no interface 'JSX.IntrinsicElements' exists.

[7m63[0m                   <td className="px-6 py-4">{new Date(log.timestamp).toLocaleString()}</td>
[7m  [0m [91m                  ~~~~~~~~~~~~~~~~~~~~~~~~~~[0m

[96msrc/features/dashboard/Dashboard.tsx[0m:[93m63[0m:[93m87[0m - [91merror[0m[90m TS7026: [0mJSX element implicitly has type 'any' because no interface 'JSX.IntrinsicElements' exists.

[7m63[0m                   <td className="px-6 py-4">{new Date(log.timestamp).toLocaleString()}</td>
[7m  [0m [91m                                                                                      ~~~~~[0m

[96msrc/features/dashboard/Dashboard.tsx[0m:[93m64[0m:[93m19[0m - [91merror[0m[90m TS7026: [0mJSX element implicitly has type 'any' because no interface 'JSX.IntrinsicElements' exists.

[7m64[0m                   <td className="px-6 py-4 font-medium text-gray-900">{log.action}</td>
[7m  [0m [91m                  ~~~~~~~~~~~~~~~~~~~~~~~~~~~~~~~~~~~~~~~~~~~~~~~~~~~~[0m

[96msrc/features/dashboard/Dashboard.tsx[0m:[93m64[0m:[93m83[0m - [91merror[0m[90m TS7026: [0mJSX element implicitly has type 'any' because no interface 'JSX.IntrinsicElements' exists.

[7m64[0m                   <td className="px-6 py-4 font-medium text-gray-900">{log.action}</td>
[7m  [0m [91m                                                                                  ~~~~~[0m

[96msrc/features/dashboard/Dashboard.tsx[0m:[93m65[0m:[93m19[0m - [91merror[0m[90m TS7026: [0mJSX element implicitly has type 'any' because no interface 'JSX.IntrinsicElements' exists.

[7m65[0m                   <td className="px-6 py-4">{log.actor.email || log.actor.id}</td>
[7m  [0m [91m                  ~~~~~~~~~~~~~~~~~~~~~~~~~~[0m

[96msrc/features/dashboard/Dashboard.tsx[0m:[93m65[0m:[93m78[0m - [91merror[0m[90m TS7026: [0mJSX element implicitly has type 'any' because no interface 'JSX.IntrinsicElements' exists.

[7m65[0m                   <td className="px-6 py-4">{log.actor.email || log.actor.id}</td>
[7m  [0m [91m                                                                             ~~~~~[0m

[96msrc/features/dashboard/Dashboard.tsx[0m:[93m66[0m:[93m19[0m - [91merror[0m[90m TS7026: [0mJSX element implicitly has type 'any' because no interface 'JSX.IntrinsicElements' exists.

[7m66[0m                   <td className="px-6 py-4">
[7m  [0m [91m                  ~~~~~~~~~~~~~~~~~~~~~~~~~~[0m

[96msrc/features/dashboard/Dashboard.tsx[0m:[93m67[0m:[93m21[0m - [91merror[0m[90m TS7026: [0mJSX element implicitly has type 'any' because no interface 'JSX.IntrinsicElements' exists.

[7m 67[0m                     <span className={`px-2 py-1 rounded text-xs ${
[7m   [0m [91m                    ~~~~~~~~~~~~~~~~~~~~~~~~~~~~~~~~~~~~~~~~~~~~~~[0m
[7m 68[0m                       log.severity === 'critical' ? 'bg-red-100 text-red-800' :
[7m   [0m [91m~~~~~~~~~~~~~~~~~~~~~~~~~~~~~~~~~~~~~~~~~~~~~~~~~~~~~~~~~~~~~~~~~~~~~~~~~~~~~~~[0m
[7m...[0m 
[7m 70[0m                       'bg-gray-100 text-gray-800'
[7m   [0m [91m~~~~~~~~~~~~~~~~~~~~~~~~~~~~~~~~~~~~~~~~~~~~~~~~~[0m
[7m 71[0m                     }`}>
[7m   [0m [91m~~~~~~~~~~~~~~~~~~~~~~~~[0m

[96msrc/features/dashboard/Dashboard.tsx[0m:[93m73[0m:[93m21[0m - [91merror[0m[90m TS7026: [0mJSX element implicitly has type 'any' because no interface 'JSX.IntrinsicElements' exists.

[7m73[0m                     </span>
[7m  [0m [91m                    ~~~~~~~[0m

[96msrc/features/dashboard/Dashboard.tsx[0m:[93m74[0m:[93m19[0m - [91merror[0m[90m TS7026: [0mJSX element implicitly has type 'any' because no interface 'JSX.IntrinsicElements' exists.

[7m74[0m                   </td>
[7m  [0m [91m                  ~~~~~[0m

[96msrc/features/dashboard/Dashboard.tsx[0m:[93m75[0m:[93m19[0m - [91merror[0m[90m TS7026: [0mJSX element implicitly has type 'any' because no interface 'JSX.IntrinsicElements' exists.

[7m75[0m                   <td className="px-6 py-4">{log.outcome}</td>
[7m  [0m [91m                  ~~~~~~~~~~~~~~~~~~~~~~~~~~[0m

[96msrc/features/dashboard/Dashboard.tsx[0m:[93m75[0m:[93m58[0m - [91merror[0m[90m TS7026: [0mJSX element implicitly has type 'any' because no interface 'JSX.IntrinsicElements' exists.

[7m75[0m                   <td className="px-6 py-4">{log.outcome}</td>
[7m  [0m [91m                                                         ~~~~~[0m

[96msrc/features/dashboard/Dashboard.tsx[0m:[93m76[0m:[93m17[0m - [91merror[0m[90m TS7026: [0mJSX element implicitly has type 'any' because no interface 'JSX.IntrinsicElements' exists.

[7m76[0m                 </tr>
[7m  [0m [91m                ~~~~~[0m

[96msrc/features/dashboard/Dashboard.tsx[0m:[93m79[0m:[93m17[0m - [91merror[0m[90m TS7026: [0mJSX element implicitly has type 'any' because no interface 'JSX.IntrinsicElements' exists.

[7m79[0m                 <tr>
[7m  [0m [91m                ~~~~[0m

[96msrc/features/dashboard/Dashboard.tsx[0m:[93m80[0m:[93m19[0m - [91merror[0m[90m TS7026: [0mJSX element implicitly has type 'any' because no interface 'JSX.IntrinsicElements' exists.

[7m80[0m                   <td colSpan={5} className="px-6 py-8 text-center text-gray-500">
[7m  [0m [91m                  ~~~~~~~~~~~~~~~~~~~~~~~~~~~~~~~~~~~~~~~~~~~~~~~~~~~~~~~~~~~~~~~~[0m

[96msrc/features/dashboard/Dashboard.tsx[0m:[93m82[0m:[93m19[0m - [91merror[0m[90m TS7026: [0mJSX element implicitly has type 'any' because no interface 'JSX.IntrinsicElements' exists.

[7m82[0m                   </td>
[7m  [0m [91m                  ~~~~~[0m

[96msrc/features/dashboard/Dashboard.tsx[0m:[93m83[0m:[93m17[0m - [91merror[0m[90m TS7026: [0mJSX element implicitly has type 'any' because no interface 'JSX.IntrinsicElements' exists.

[7m83[0m                 </tr>
[7m  [0m [91m                ~~~~~[0m

[96msrc/features/dashboard/Dashboard.tsx[0m:[93m85[0m:[93m13[0m - [91merror[0m[90m TS7026: [0mJSX element implicitly has type 'any' because no interface 'JSX.IntrinsicElements' exists.

[7m85[0m             </tbody>
[7m  [0m [91m            ~~~~~~~~[0m

[96msrc/features/dashboard/Dashboard.tsx[0m:[93m86[0m:[93m11[0m - [91merror[0m[90m TS7026: [0mJSX element implicitly has type 'any' because no interface 'JSX.IntrinsicElements' exists.

[7m86[0m           </table>
[7m  [0m [91m          ~~~~~~~~[0m

[96msrc/features/dashboard/Dashboard.tsx[0m:[93m87[0m:[93m9[0m - [91merror[0m[90m TS7026: [0mJSX element implicitly has type 'any' because no interface 'JSX.IntrinsicElements' exists.

[7m87[0m         </div>
[7m  [0m [91m        ~~~~~~[0m

[96msrc/features/dashboard/Dashboard.tsx[0m:[93m88[0m:[93m7[0m - [91merror[0m[90m TS7026: [0mJSX element implicitly has type 'any' because no interface 'JSX.IntrinsicElements' exists.

[7m88[0m       </section>
[7m  [0m [91m      ~~~~~~~~~~[0m

[96msrc/features/dashboard/Dashboard.tsx[0m:[93m89[0m:[93m5[0m - [91merror[0m[90m TS7026: [0mJSX element implicitly has type 'any' because no interface 'JSX.IntrinsicElements' exists.

[7m89[0m     </div>
[7m  [0m [91m    ~~~~~~[0m

[96msrc/utils/trpc.ts[0m:[93m1[0m:[93m55[0m - [91merror[0m[90m TS2307: [0mCannot find module '@trpc/react-query' or its corresponding type declarations.

[7m1[0m import { createTRPCReact, type CreateTRPCReact } from '@trpc/react-query';
[7m [0m [91m                                                      ~~~~~~~~~~~~~~~~~~~[0m


Found 78 errors in 2 files.

Errors  Files
    77  src/features/dashboard/Dashboard.tsx[90m:1[0m
     1  src/utils/trpc.ts[90m:1[0m
[1G[0K⠙[1G[0K[1mnpm[22m [31merror[39m Lifecycle script `build` failed with error:
[1G[0K⠙[1G[0K[1mnpm[22m [31merror[39m [94mcode[39m [33m2[39m
[1G[0K⠙[1G[0K[1mnpm[22m [31merror[39m [94mpath[39m /Users/jp_mac/workplace/jipavel/japavel/packages/frontend
[1G[0K⠙[1G[0K[1mnpm[22m [31merror[39m [94mworkspace[39m @japavel/frontend@0.0.1
[1G[0K⠙[1G[0K[1mnpm[22m [31merror[39m [94mlocation[39m /Users/jp_mac/workplace/jipavel/japavel/packages/frontend
[1G[0K⠙[1G[0K[1mnpm[22m [31merror[39m command failed
[1G[0K⠙[1G[0K[1mnpm[22m [31merror[39m [94mcommand[39m sh -c tsc && vite build
[1G[0K⠙[1G[0K
